  OpenGL.cpp
  Piramide.cpp
C:\Program Files (x86)\Windows Kits\10\Include\10.0.22621.0\um\GL\gl.h(1157,11): error C2144: error de sintaxis: 'void' debe estar precedido de ';'
C:\Program Files (x86)\Windows Kits\10\Include\10.0.22621.0\um\GL\gl.h(1157,1): error C4430: falta el especificador de tipo; se presupone int. Nota: C++ no admite default-int
C:\Program Files (x86)\Windows Kits\10\Include\10.0.22621.0\um\GL\gl.h(1157,16): error C2182: 'APIENTRY': este uso de 'void' no es válido
C:\Program Files (x86)\Windows Kits\10\Include\10.0.22621.0\um\GL\gl.h(1157,25): error C2146: error de sintaxis: falta ';' delante del identificador 'glAccum'
C:\Program Files (x86)\Windows Kits\10\Include\10.0.22621.0\um\GL\gl.h(1157,25): error C4430: falta el especificador de tipo; se presupone int. Nota: C++ no admite default-int
C:\Program Files (x86)\Windows Kits\10\Include\10.0.22621.0\um\GL\gl.h(1158,11): error C2144: error de sintaxis: 'void' debe estar precedido de ';'
C:\Program Files (x86)\Windows Kits\10\Include\10.0.22621.0\um\GL\gl.h(1158,1): error C4430: falta el especificador de tipo; se presupone int. Nota: C++ no admite default-int
C:\Program Files (x86)\Windows Kits\10\Include\10.0.22621.0\um\GL\gl.h(1158,1): error C2086: 'int WINGDIAPI': nueva definición
C:\Program Files (x86)\Windows Kits\10\Include\10.0.22621.0\um\GL\gl.h(1158,16): error C2182: 'APIENTRY': este uso de 'void' no es válido
C:\Program Files (x86)\Windows Kits\10\Include\10.0.22621.0\um\GL\gl.h(1158,16): error C2086: 'int APIENTRY': nueva definición
C:\Program Files (x86)\Windows Kits\10\Include\10.0.22621.0\um\GL\gl.h(1158,25): error C2146: error de sintaxis: falta ';' delante del identificador 'glAlphaFunc'
C:\Program Files (x86)\Windows Kits\10\Include\10.0.22621.0\um\GL\gl.h(1158,25): error C4430: falta el especificador de tipo; se presupone int. Nota: C++ no admite default-int
C:\Program Files (x86)\Windows Kits\10\Include\10.0.22621.0\um\GL\gl.h(1159,1): error C4430: falta el especificador de tipo; se presupone int. Nota: C++ no admite default-int
C:\Program Files (x86)\Windows Kits\10\Include\10.0.22621.0\um\GL\gl.h(1159,1): error C2086: 'int WINGDIAPI': nueva definición
C:\Program Files (x86)\Windows Kits\10\Include\10.0.22621.0\um\GL\gl.h(1159,11): error C2146: error de sintaxis: falta ';' delante del identificador 'GLboolean'
C:\Program Files (x86)\Windows Kits\10\Include\10.0.22621.0\um\GL\gl.h(1160,11): error C2144: error de sintaxis: 'void' debe estar precedido de ';'
C:\Program Files (x86)\Windows Kits\10\Include\10.0.22621.0\um\GL\gl.h(1160,1): error C4430: falta el especificador de tipo; se presupone int. Nota: C++ no admite default-int
C:\Program Files (x86)\Windows Kits\10\Include\10.0.22621.0\um\GL\gl.h(1160,1): error C2086: 'int WINGDIAPI': nueva definición
C:\Program Files (x86)\Windows Kits\10\Include\10.0.22621.0\um\GL\gl.h(1160,16): error C2182: 'APIENTRY': este uso de 'void' no es válido
C:\Program Files (x86)\Windows Kits\10\Include\10.0.22621.0\um\GL\gl.h(1160,16): error C2086: 'int APIENTRY': nueva definición
C:\Program Files (x86)\Windows Kits\10\Include\10.0.22621.0\um\GL\gl.h(1160,25): error C2146: error de sintaxis: falta ';' delante del identificador 'glArrayElement'
C:\Program Files (x86)\Windows Kits\10\Include\10.0.22621.0\um\GL\gl.h(1160,25): error C4430: falta el especificador de tipo; se presupone int. Nota: C++ no admite default-int
C:\Program Files (x86)\Windows Kits\10\Include\10.0.22621.0\um\GL\gl.h(1161,11): error C2144: error de sintaxis: 'void' debe estar precedido de ';'
C:\Program Files (x86)\Windows Kits\10\Include\10.0.22621.0\um\GL\gl.h(1161,1): error C4430: falta el especificador de tipo; se presupone int. Nota: C++ no admite default-int
C:\Program Files (x86)\Windows Kits\10\Include\10.0.22621.0\um\GL\gl.h(1161,1): error C2086: 'int WINGDIAPI': nueva definición
C:\Program Files (x86)\Windows Kits\10\Include\10.0.22621.0\um\GL\gl.h(1161,16): error C2182: 'APIENTRY': este uso de 'void' no es válido
C:\Program Files (x86)\Windows Kits\10\Include\10.0.22621.0\um\GL\gl.h(1161,16): error C2086: 'int APIENTRY': nueva definición
C:\Program Files (x86)\Windows Kits\10\Include\10.0.22621.0\um\GL\gl.h(1161,25): error C2146: error de sintaxis: falta ';' delante del identificador 'glBegin'
C:\Program Files (x86)\Windows Kits\10\Include\10.0.22621.0\um\GL\gl.h(1161,25): error C4430: falta el especificador de tipo; se presupone int. Nota: C++ no admite default-int
C:\Program Files (x86)\Windows Kits\10\Include\10.0.22621.0\um\GL\gl.h(1162,11): error C2144: error de sintaxis: 'void' debe estar precedido de ';'
C:\Program Files (x86)\Windows Kits\10\Include\10.0.22621.0\um\GL\gl.h(1162,1): error C4430: falta el especificador de tipo; se presupone int. Nota: C++ no admite default-int
C:\Program Files (x86)\Windows Kits\10\Include\10.0.22621.0\um\GL\gl.h(1162,1): error C2086: 'int WINGDIAPI': nueva definición
C:\Program Files (x86)\Windows Kits\10\Include\10.0.22621.0\um\GL\gl.h(1162,16): error C2182: 'APIENTRY': este uso de 'void' no es válido
C:\Program Files (x86)\Windows Kits\10\Include\10.0.22621.0\um\GL\gl.h(1162,16): error C2086: 'int APIENTRY': nueva definición
C:\Program Files (x86)\Windows Kits\10\Include\10.0.22621.0\um\GL\gl.h(1162,25): error C2146: error de sintaxis: falta ';' delante del identificador 'glBindTexture'
C:\Program Files (x86)\Windows Kits\10\Include\10.0.22621.0\um\GL\gl.h(1162,25): error C4430: falta el especificador de tipo; se presupone int. Nota: C++ no admite default-int
C:\Program Files (x86)\Windows Kits\10\Include\10.0.22621.0\um\GL\gl.h(1163,11): error C2144: error de sintaxis: 'void' debe estar precedido de ';'
C:\Program Files (x86)\Windows Kits\10\Include\10.0.22621.0\um\GL\gl.h(1163,1): error C4430: falta el especificador de tipo; se presupone int. Nota: C++ no admite default-int
C:\Program Files (x86)\Windows Kits\10\Include\10.0.22621.0\um\GL\gl.h(1163,1): error C2086: 'int WINGDIAPI': nueva definición
C:\Program Files (x86)\Windows Kits\10\Include\10.0.22621.0\um\GL\gl.h(1163,16): error C2182: 'APIENTRY': este uso de 'void' no es válido
C:\Program Files (x86)\Windows Kits\10\Include\10.0.22621.0\um\GL\gl.h(1163,16): error C2086: 'int APIENTRY': nueva definición
C:\Program Files (x86)\Windows Kits\10\Include\10.0.22621.0\um\GL\gl.h(1163,25): error C2146: error de sintaxis: falta ';' delante del identificador 'glBitmap'
C:\Program Files (x86)\Windows Kits\10\Include\10.0.22621.0\um\GL\gl.h(1163,25): error C4430: falta el especificador de tipo; se presupone int. Nota: C++ no admite default-int
C:\Program Files (x86)\Windows Kits\10\Include\10.0.22621.0\um\GL\gl.h(1164,11): error C2144: error de sintaxis: 'void' debe estar precedido de ';'
C:\Program Files (x86)\Windows Kits\10\Include\10.0.22621.0\um\GL\gl.h(1164,1): error C4430: falta el especificador de tipo; se presupone int. Nota: C++ no admite default-int
C:\Program Files (x86)\Windows Kits\10\Include\10.0.22621.0\um\GL\gl.h(1164,1): error C2086: 'int WINGDIAPI': nueva definición
C:\Program Files (x86)\Windows Kits\10\Include\10.0.22621.0\um\GL\gl.h(1164,16): error C2182: 'APIENTRY': este uso de 'void' no es válido
C:\Program Files (x86)\Windows Kits\10\Include\10.0.22621.0\um\GL\gl.h(1164,16): error C2086: 'int APIENTRY': nueva definición
C:\Program Files (x86)\Windows Kits\10\Include\10.0.22621.0\um\GL\gl.h(1164,25): error C2146: error de sintaxis: falta ';' delante del identificador 'glBlendFunc'
C:\Program Files (x86)\Windows Kits\10\Include\10.0.22621.0\um\GL\gl.h(1164,25): error C4430: falta el especificador de tipo; se presupone int. Nota: C++ no admite default-int
C:\Program Files (x86)\Windows Kits\10\Include\10.0.22621.0\um\GL\gl.h(1165,11): error C2144: error de sintaxis: 'void' debe estar precedido de ';'
C:\Program Files (x86)\Windows Kits\10\Include\10.0.22621.0\um\GL\gl.h(1165,1): error C4430: falta el especificador de tipo; se presupone int. Nota: C++ no admite default-int
C:\Program Files (x86)\Windows Kits\10\Include\10.0.22621.0\um\GL\gl.h(1165,1): error C2086: 'int WINGDIAPI': nueva definición
C:\Program Files (x86)\Windows Kits\10\Include\10.0.22621.0\um\GL\gl.h(1165,16): error C2182: 'APIENTRY': este uso de 'void' no es válido
C:\Program Files (x86)\Windows Kits\10\Include\10.0.22621.0\um\GL\gl.h(1165,16): error C2086: 'int APIENTRY': nueva definición
C:\Program Files (x86)\Windows Kits\10\Include\10.0.22621.0\um\GL\gl.h(1165,25): error C2146: error de sintaxis: falta ';' delante del identificador 'glCallList'
C:\Program Files (x86)\Windows Kits\10\Include\10.0.22621.0\um\GL\gl.h(1165,25): error C4430: falta el especificador de tipo; se presupone int. Nota: C++ no admite default-int
C:\Program Files (x86)\Windows Kits\10\Include\10.0.22621.0\um\GL\gl.h(1166,11): error C2144: error de sintaxis: 'void' debe estar precedido de ';'
C:\Program Files (x86)\Windows Kits\10\Include\10.0.22621.0\um\GL\gl.h(1166,1): error C4430: falta el especificador de tipo; se presupone int. Nota: C++ no admite default-int
C:\Program Files (x86)\Windows Kits\10\Include\10.0.22621.0\um\GL\gl.h(1166,1): error C2086: 'int WINGDIAPI': nueva definición
C:\Program Files (x86)\Windows Kits\10\Include\10.0.22621.0\um\GL\gl.h(1166,16): error C2182: 'APIENTRY': este uso de 'void' no es válido
C:\Program Files (x86)\Windows Kits\10\Include\10.0.22621.0\um\GL\gl.h(1166,16): error C2086: 'int APIENTRY': nueva definición
C:\Program Files (x86)\Windows Kits\10\Include\10.0.22621.0\um\GL\gl.h(1166,25): error C2146: error de sintaxis: falta ';' delante del identificador 'glCallLists'
C:\Program Files (x86)\Windows Kits\10\Include\10.0.22621.0\um\GL\gl.h(1166,25): error C4430: falta el especificador de tipo; se presupone int. Nota: C++ no admite default-int
C:\Program Files (x86)\Windows Kits\10\Include\10.0.22621.0\um\GL\gl.h(1167,11): error C2144: error de sintaxis: 'void' debe estar precedido de ';'
C:\Program Files (x86)\Windows Kits\10\Include\10.0.22621.0\um\GL\gl.h(1167,1): error C4430: falta el especificador de tipo; se presupone int. Nota: C++ no admite default-int
C:\Program Files (x86)\Windows Kits\10\Include\10.0.22621.0\um\GL\gl.h(1167,1): error C2086: 'int WINGDIAPI': nueva definición
C:\Program Files (x86)\Windows Kits\10\Include\10.0.22621.0\um\GL\gl.h(1167,16): error C2182: 'APIENTRY': este uso de 'void' no es válido
C:\Program Files (x86)\Windows Kits\10\Include\10.0.22621.0\um\GL\gl.h(1167,16): error C2086: 'int APIENTRY': nueva definición
C:\Program Files (x86)\Windows Kits\10\Include\10.0.22621.0\um\GL\gl.h(1167,25): error C2146: error de sintaxis: falta ';' delante del identificador 'glClear'
C:\Program Files (x86)\Windows Kits\10\Include\10.0.22621.0\um\GL\gl.h(1167,25): error C4430: falta el especificador de tipo; se presupone int. Nota: C++ no admite default-int
C:\Program Files (x86)\Windows Kits\10\Include\10.0.22621.0\um\GL\gl.h(1168,11): error C2144: error de sintaxis: 'void' debe estar precedido de ';'
C:\Program Files (x86)\Windows Kits\10\Include\10.0.22621.0\um\GL\gl.h(1168,1): error C4430: falta el especificador de tipo; se presupone int. Nota: C++ no admite default-int
C:\Program Files (x86)\Windows Kits\10\Include\10.0.22621.0\um\GL\gl.h(1168,1): error C2086: 'int WINGDIAPI': nueva definición
C:\Program Files (x86)\Windows Kits\10\Include\10.0.22621.0\um\GL\gl.h(1168,16): error C2182: 'APIENTRY': este uso de 'void' no es válido
C:\Program Files (x86)\Windows Kits\10\Include\10.0.22621.0\um\GL\gl.h(1168,16): error C2086: 'int APIENTRY': nueva definición
C:\Program Files (x86)\Windows Kits\10\Include\10.0.22621.0\um\GL\gl.h(1168,25): error C2146: error de sintaxis: falta ';' delante del identificador 'glClearAccum'
C:\Program Files (x86)\Windows Kits\10\Include\10.0.22621.0\um\GL\gl.h(1168,25): error C4430: falta el especificador de tipo; se presupone int. Nota: C++ no admite default-int
C:\Program Files (x86)\Windows Kits\10\Include\10.0.22621.0\um\GL\gl.h(1169,11): error C2144: error de sintaxis: 'void' debe estar precedido de ';'
C:\Program Files (x86)\Windows Kits\10\Include\10.0.22621.0\um\GL\gl.h(1169,1): error C4430: falta el especificador de tipo; se presupone int. Nota: C++ no admite default-int
C:\Program Files (x86)\Windows Kits\10\Include\10.0.22621.0\um\GL\gl.h(1169,1): error C2086: 'int WINGDIAPI': nueva definición
C:\Program Files (x86)\Windows Kits\10\Include\10.0.22621.0\um\GL\gl.h(1169,16): error C2182: 'APIENTRY': este uso de 'void' no es válido
C:\Program Files (x86)\Windows Kits\10\Include\10.0.22621.0\um\GL\gl.h(1169,16): error C2086: 'int APIENTRY': nueva definición
C:\Program Files (x86)\Windows Kits\10\Include\10.0.22621.0\um\GL\gl.h(1169,25): error C2146: error de sintaxis: falta ';' delante del identificador 'glClearColor'
C:\Program Files (x86)\Windows Kits\10\Include\10.0.22621.0\um\GL\gl.h(1169,25): error C4430: falta el especificador de tipo; se presupone int. Nota: C++ no admite default-int
C:\Program Files (x86)\Windows Kits\10\Include\10.0.22621.0\um\GL\gl.h(1170,11): error C2144: error de sintaxis: 'void' debe estar precedido de ';'
C:\Program Files (x86)\Windows Kits\10\Include\10.0.22621.0\um\GL\gl.h(1170,1): error C4430: falta el especificador de tipo; se presupone int. Nota: C++ no admite default-int
C:\Program Files (x86)\Windows Kits\10\Include\10.0.22621.0\um\GL\gl.h(1170,1): error C2086: 'int WINGDIAPI': nueva definición
C:\Program Files (x86)\Windows Kits\10\Include\10.0.22621.0\um\GL\gl.h(1170,16): error C2182: 'APIENTRY': este uso de 'void' no es válido
C:\Program Files (x86)\Windows Kits\10\Include\10.0.22621.0\um\GL\gl.h(1170,16): error C2086: 'int APIENTRY': nueva definición
C:\Program Files (x86)\Windows Kits\10\Include\10.0.22621.0\um\GL\gl.h(1170,25): error C2146: error de sintaxis: falta ';' delante del identificador 'glClearDepth'
C:\Program Files (x86)\Windows Kits\10\Include\10.0.22621.0\um\GL\gl.h(1170,25): error C4430: falta el especificador de tipo; se presupone int. Nota: C++ no admite default-int
C:\Program Files (x86)\Windows Kits\10\Include\10.0.22621.0\um\GL\gl.h(1171,11): error C2144: error de sintaxis: 'void' debe estar precedido de ';'
C:\Program Files (x86)\Windows Kits\10\Include\10.0.22621.0\um\GL\gl.h(1171,1): error C4430: falta el especificador de tipo; se presupone int. Nota: C++ no admite default-int
C:\Program Files (x86)\Windows Kits\10\Include\10.0.22621.0\um\GL\gl.h(1171,1): error C2086: 'int WINGDIAPI': nueva definición
C:\Program Files (x86)\Windows Kits\10\Include\10.0.22621.0\um\GL\gl.h(1171,16): error C2182: 'APIENTRY': este uso de 'void' no es válido
C:\Program Files (x86)\Windows Kits\10\Include\10.0.22621.0\um\GL\gl.h(1171,16): error C2086: 'int APIENTRY': nueva definición
C:\Program Files (x86)\Windows Kits\10\Include\10.0.22621.0\um\GL\gl.h(1171,25): error C2146: error de sintaxis: falta ';' delante del identificador 'glClearIndex'
C:\Program Files (x86)\Windows Kits\10\Include\10.0.22621.0\um\GL\gl.h(1171,25): error C4430: falta el especificador de tipo; se presupone int. Nota: C++ no admite default-int
C:\Program Files (x86)\Windows Kits\10\Include\10.0.22621.0\um\GL\gl.h(1172,11): error C2144: error de sintaxis: 'void' debe estar precedido de ';'
C:\Program Files (x86)\Windows Kits\10\Include\10.0.22621.0\um\GL\gl.h(1172,1): error C4430: falta el especificador de tipo; se presupone int. Nota: C++ no admite default-int
C:\Program Files (x86)\Windows Kits\10\Include\10.0.22621.0\um\GL\gl.h(1172,1): error C2086: 'int WINGDIAPI': nueva definición
C:\Program Files (x86)\Windows Kits\10\Include\10.0.22621.0\um\GL\gl.h(1172,16): error C2182: 'APIENTRY': este uso de 'void' no es válido
C:\Program Files (x86)\Windows Kits\10\Include\10.0.22621.0\um\GL\gl.h(1172,16): error C2086: 'int APIENTRY': nueva definición
C:\Program Files (x86)\Windows Kits\10\Include\10.0.22621.0\um\GL\gl.h(1172,25): error C2146: error de sintaxis: falta ';' delante del identificador 'glClearStencil'
C:\Program Files (x86)\Windows Kits\10\Include\10.0.22621.0\um\GL\gl.h(1172,25): error C4430: falta el especificador de tipo; se presupone int. Nota: C++ no admite default-int
C:\Program Files (x86)\Windows Kits\10\Include\10.0.22621.0\um\GL\gl.h(1173,11): error C2144: error de sintaxis: 'void' debe estar precedido de ';'
C:\Program Files (x86)\Windows Kits\10\Include\10.0.22621.0\um\GL\gl.h(1173,1): error C4430: falta el especificador de tipo; se presupone int. Nota: C++ no admite default-int
C:\Program Files (x86)\Windows Kits\10\Include\10.0.22621.0\um\GL\gl.h(1173,1): error C2086: 'int WINGDIAPI': nueva definición
C:\Program Files (x86)\Windows Kits\10\Include\10.0.22621.0\um\GL\gl.h(1173,16): error C2182: 'APIENTRY': este uso de 'void' no es válido
C:\Program Files (x86)\Windows Kits\10\Include\10.0.22621.0\um\GL\gl.h(1173,16): error C2086: 'int APIENTRY': nueva definición
C:\Program Files (x86)\Windows Kits\10\Include\10.0.22621.0\um\GL\gl.h(1173,25): error C2146: error de sintaxis: falta ';' delante del identificador 'glClipPlane'
C:\Program Files (x86)\Windows Kits\10\Include\10.0.22621.0\um\GL\gl.h(1173,25): error C4430: falta el especificador de tipo; se presupone int. Nota: C++ no admite default-int
C:\Program Files (x86)\Windows Kits\10\Include\10.0.22621.0\um\GL\gl.h(1174,11): error C2144: error de sintaxis: 'void' debe estar precedido de ';'
C:\Program Files (x86)\Windows Kits\10\Include\10.0.22621.0\um\GL\gl.h(1174,1): error C4430: falta el especificador de tipo; se presupone int. Nota: C++ no admite default-int
C:\Program Files (x86)\Windows Kits\10\Include\10.0.22621.0\um\GL\gl.h(1174,1): error C2086: 'int WINGDIAPI': nueva definición
C:\Program Files (x86)\Windows Kits\10\Include\10.0.22621.0\um\GL\gl.h(1174,16): error C2182: 'APIENTRY': este uso de 'void' no es válido
C:\Program Files (x86)\Windows Kits\10\Include\10.0.22621.0\um\GL\gl.h(1174,16): error C2086: 'int APIENTRY': nueva definición
C:\Program Files (x86)\Windows Kits\10\Include\10.0.22621.0\um\GL\gl.h(1174,25): error C2146: error de sintaxis: falta ';' delante del identificador 'glColor3b'
C:\Program Files (x86)\Windows Kits\10\Include\10.0.22621.0\um\GL\gl.h(1174,25): error C4430: falta el especificador de tipo; se presupone int. Nota: C++ no admite default-int
C:\Program Files (x86)\Windows Kits\10\Include\10.0.22621.0\um\GL\gl.h(1175,11): error C2144: error de sintaxis: 'void' debe estar precedido de ';'
C:\Program Files (x86)\Windows Kits\10\Include\10.0.22621.0\um\GL\gl.h(1175,1): error C4430: falta el especificador de tipo; se presupone int. Nota: C++ no admite default-int
C:\Program Files (x86)\Windows Kits\10\Include\10.0.22621.0\um\GL\gl.h(1175,1): error C2086: 'int WINGDIAPI': nueva definición
C:\Program Files (x86)\Windows Kits\10\Include\10.0.22621.0\um\GL\gl.h(1175,16): error C2182: 'APIENTRY': este uso de 'void' no es válido
C:\Program Files (x86)\Windows Kits\10\Include\10.0.22621.0\um\GL\gl.h(1175,16): error C2086: 'int APIENTRY': nueva definición
C:\Program Files (x86)\Windows Kits\10\Include\10.0.22621.0\um\GL\gl.h(1175,25): error C2146: error de sintaxis: falta ';' delante del identificador 'glColor3bv'
C:\Program Files (x86)\Windows Kits\10\Include\10.0.22621.0\um\GL\gl.h(1175,25): error C4430: falta el especificador de tipo; se presupone int. Nota: C++ no admite default-int
C:\Program Files (x86)\Windows Kits\10\Include\10.0.22621.0\um\GL\gl.h(1176,11): error C2144: error de sintaxis: 'void' debe estar precedido de ';'
C:\Program Files (x86)\Windows Kits\10\Include\10.0.22621.0\um\GL\gl.h(1176,1): error C4430: falta el especificador de tipo; se presupone int. Nota: C++ no admite default-int
C:\Program Files (x86)\Windows Kits\10\Include\10.0.22621.0\um\GL\gl.h(1176,1): error C2086: 'int WINGDIAPI': nueva definición
C:\Program Files (x86)\Windows Kits\10\Include\10.0.22621.0\um\GL\gl.h(1176,16): error C2182: 'APIENTRY': este uso de 'void' no es válido
C:\Program Files (x86)\Windows Kits\10\Include\10.0.22621.0\um\GL\gl.h(1176,16): error C2086: 'int APIENTRY': nueva definición
C:\Program Files (x86)\Windows Kits\10\Include\10.0.22621.0\um\GL\gl.h(1176,25): error C2146: error de sintaxis: falta ';' delante del identificador 'glColor3d'
C:\Program Files (x86)\Windows Kits\10\Include\10.0.22621.0\um\GL\gl.h(1176,25): error C4430: falta el especificador de tipo; se presupone int. Nota: C++ no admite default-int
C:\Program Files (x86)\Windows Kits\10\Include\10.0.22621.0\um\GL\gl.h(1177,11): error C2144: error de sintaxis: 'void' debe estar precedido de ';'
C:\Program Files (x86)\Windows Kits\10\Include\10.0.22621.0\um\GL\gl.h(1177,1): error C4430: falta el especificador de tipo; se presupone int. Nota: C++ no admite default-int
C:\Program Files (x86)\Windows Kits\10\Include\10.0.22621.0\um\GL\gl.h(1177,1): error C2086: 'int WINGDIAPI': nueva definición
C:\Program Files (x86)\Windows Kits\10\Include\10.0.22621.0\um\GL\gl.h(1177,16): error C2182: 'APIENTRY': este uso de 'void' no es válido
C:\Program Files (x86)\Windows Kits\10\Include\10.0.22621.0\um\GL\gl.h(1177,16): error C2086: 'int APIENTRY': nueva definición
C:\Program Files (x86)\Windows Kits\10\Include\10.0.22621.0\um\GL\gl.h(1177,25): error C2146: error de sintaxis: falta ';' delante del identificador 'glColor3dv'
C:\Program Files (x86)\Windows Kits\10\Include\10.0.22621.0\um\GL\gl.h(1177,25): error C4430: falta el especificador de tipo; se presupone int. Nota: C++ no admite default-int
C:\Program Files (x86)\Windows Kits\10\Include\10.0.22621.0\um\GL\gl.h(1178,11): error C2144: error de sintaxis: 'void' debe estar precedido de ';'
C:\Program Files (x86)\Windows Kits\10\Include\10.0.22621.0\um\GL\gl.h(1178,11): error C1003: el recuento de errores supera 100; se detiene la compilación
  Vector3.cpp
  Generando código...
