c:\users\migue\onedrive\escritorio\opengl\opengl\opengl\debug\vc143.pdb
c:\users\migue\onedrive\escritorio\opengl\opengl\opengl\debug\vc143.idb
c:\users\migue\onedrive\escritorio\opengl\opengl\opengl\debug\opengl.obj
c:\users\migue\onedrive\escritorio\opengl\opengl\opengl\debug\light.obj
c:\users\migue\onedrive\escritorio\opengl\opengl\opengl\debug\figurageometrica.obj
c:\users\migue\onedrive\escritorio\opengl\opengl\opengl\debug\figura3d.obj
c:\users\migue\onedrive\escritorio\opengl\opengl\opengl\debug\figura2d.obj
c:\users\migue\onedrive\escritorio\opengl\opengl\opengl\debug\figura.obj
c:\users\migue\onedrive\escritorio\opengl\opengl\opengl\debug\example5.obj
c:\users\migue\onedrive\escritorio\opengl\opengl\opengl\debug\example4.obj
c:\users\migue\onedrive\escritorio\opengl\opengl\opengl\debug\example3_1.obj
c:\users\migue\onedrive\escritorio\opengl\opengl\opengl\debug\example3.obj
c:\users\migue\onedrive\escritorio\opengl\opengl\opengl\debug\example2.obj
c:\users\migue\onedrive\escritorio\opengl\opengl\opengl\debug\example1.obj
c:\users\migue\onedrive\escritorio\opengl\opengl\opengl\debug\example.obj
c:\users\migue\onedrive\escritorio\opengl\opengl\opengl\debug\esfera.obj
c:\users\migue\onedrive\escritorio\opengl\opengl\opengl\debug\directionallight.obj
c:\users\migue\onedrive\escritorio\opengl\opengl\opengl\debug\cubo.obj
c:\users\migue\onedrive\escritorio\opengl\opengl\opengl\debug\cuadrado.obj
c:\users\migue\onedrive\escritorio\opengl\opengl\opengl\debug\circulo.obj
c:\users\migue\onedrive\escritorio\opengl\opengl\opengl\debug\camera.obj
c:\users\migue\onedrive\escritorio\opengl\opengl\opengl\debug\bmptextureloader.obj
c:\users\migue\onedrive\escritorio\opengl\opengl\opengl\debug\vector3.obj
c:\users\migue\onedrive\escritorio\opengl\opengl\opengl\debug\triangulo.obj
c:\users\migue\onedrive\escritorio\opengl\opengl\opengl\debug\textureloader.obj
c:\users\migue\onedrive\escritorio\opengl\opengl\opengl\debug\spotlight.obj
c:\users\migue\onedrive\escritorio\opengl\opengl\opengl\debug\punto3d.obj
c:\users\migue\onedrive\escritorio\opengl\opengl\opengl\debug\poligono.obj
c:\users\migue\onedrive\escritorio\opengl\opengl\opengl\debug\pointlight.obj
c:\users\migue\onedrive\escritorio\opengl\opengl\opengl\debug\pngtextureloader.obj
c:\users\migue\onedrive\escritorio\opengl\opengl\opengl\debug\texturemanager.obj
c:\users\migue\onedrive\escritorio\opengl\opengl\opengl\debug\opengl.tlog\cl.command.1.tlog
c:\users\migue\onedrive\escritorio\opengl\opengl\opengl\debug\opengl.tlog\cl.read.1.tlog
c:\users\migue\onedrive\escritorio\opengl\opengl\opengl\debug\opengl.tlog\cl.write.1.tlog
