  BMPTextureLoader.cpp
C:\Users\migue\OneDrive\Escritorio\openGL\OpenGL\OpenGL\BMPTextureLoader.cpp(19,12): error C4996: 'fopen': This function or variable may be unsafe. Consider using fopen_s instead. To disable deprecation, use _CRT_SECURE_NO_WARNINGS. See online help for details.
  Camera.cpp
C:\Users\migue\OneDrive\Escritorio\openGL\OpenGL\OpenGL\Camera.cpp(54,35): warning C4244: 'argumento': conversión de 'double' a 'float'; posible pérdida de datos
C:\Users\migue\OneDrive\Escritorio\openGL\OpenGL\OpenGL\Camera.cpp(54,65): warning C4244: 'argumento': conversión de 'double' a 'float'; posible pérdida de datos
C:\Users\migue\OneDrive\Escritorio\openGL\OpenGL\OpenGL\Camera.cpp(55,37): warning C4244: 'argumento': conversión de 'double' a 'float'; posible pérdida de datos
C:\Users\migue\OneDrive\Escritorio\openGL\OpenGL\OpenGL\Camera.cpp(56,35): warning C4244: 'argumento': conversión de 'double' a 'float'; posible pérdida de datos
C:\Users\migue\OneDrive\Escritorio\openGL\OpenGL\OpenGL\Camera.cpp(56,65): warning C4244: 'argumento': conversión de 'double' a 'float'; posible pérdida de datos
C:\Users\migue\OneDrive\Escritorio\openGL\OpenGL\OpenGL\Camera.cpp(105,16): warning C4244: '*=': conversión de 'float' a 'int'; posible pérdida de datos
C:\Users\migue\OneDrive\Escritorio\openGL\OpenGL\OpenGL\Camera.cpp(106,16): warning C4244: '*=': conversión de 'float' a 'int'; posible pérdida de datos
  Circulo.cpp
C:\Users\migue\OneDrive\Escritorio\openGL\OpenGL\OpenGL\Circulo.cpp(8,27): warning C4244: 'return': conversión de 'double' a 'int'; posible pérdida de datos
C:\Users\migue\OneDrive\Escritorio\openGL\OpenGL\OpenGL\Circulo.cpp(12,23): warning C4244: 'return': conversión de 'double' a 'int'; posible pérdida de datos
  Cuadrado.cpp
  Cubo.cpp
  DirectionalLight.cpp
  Esfera.cpp
C:\Users\migue\OneDrive\Escritorio\openGL\OpenGL\OpenGL\Esfera.cpp(10,47): warning C4244: 'return': conversión de 'double' a 'int'; posible pérdida de datos
  Example.cpp
  Example1.cpp
  Example2.cpp
  Example3.cpp
C:\Users\migue\OneDrive\Escritorio\openGL\OpenGL\OpenGL\Example3.cpp(105,49): warning C4244: 'argumento': conversión de 'double' a 'float'; posible pérdida de datos
C:\Users\migue\OneDrive\Escritorio\openGL\OpenGL\OpenGL\Example3.cpp(105,92): warning C4244: 'argumento': conversión de 'double' a 'float'; posible pérdida de datos
C:\Users\migue\OneDrive\Escritorio\openGL\OpenGL\OpenGL\Example3.cpp(106,49): warning C4244: 'argumento': conversión de 'double' a 'float'; posible pérdida de datos
C:\Users\migue\OneDrive\Escritorio\openGL\OpenGL\OpenGL\Example3.cpp(106,92): warning C4244: 'argumento': conversión de 'double' a 'float'; posible pérdida de datos
C:\Users\migue\OneDrive\Escritorio\openGL\OpenGL\OpenGL\Example3.cpp(117,49): warning C4244: 'argumento': conversión de 'double' a 'float'; posible pérdida de datos
C:\Users\migue\OneDrive\Escritorio\openGL\OpenGL\OpenGL\Example3.cpp(118,49): warning C4244: 'argumento': conversión de 'double' a 'float'; posible pérdida de datos
C:\Users\migue\OneDrive\Escritorio\openGL\OpenGL\OpenGL\Example3.cpp(122,49): warning C4244: 'argumento': conversión de 'double' a 'float'; posible pérdida de datos
C:\Users\migue\OneDrive\Escritorio\openGL\OpenGL\OpenGL\Example3.cpp(123,49): warning C4244: 'argumento': conversión de 'double' a 'float'; posible pérdida de datos
C:\Users\migue\OneDrive\Escritorio\openGL\OpenGL\OpenGL\Example3.cpp(147,16): warning C4244: '*=': conversión de 'float' a 'int'; posible pérdida de datos
C:\Users\migue\OneDrive\Escritorio\openGL\OpenGL\OpenGL\Example3.cpp(148,16): warning C4244: '*=': conversión de 'float' a 'int'; posible pérdida de datos
  Example3_1.cpp
C:\Users\migue\OneDrive\Escritorio\openGL\OpenGL\OpenGL\Example3_1.cpp(41,44): warning C4244: 'argumento': conversión de 'double' a 'float'; posible pérdida de datos
C:\Users\migue\OneDrive\Escritorio\openGL\OpenGL\OpenGL\Example3_1.cpp(41,80): warning C4244: 'argumento': conversión de 'double' a 'float'; posible pérdida de datos
C:\Users\migue\OneDrive\Escritorio\openGL\OpenGL\OpenGL\Example3_1.cpp(42,46): warning C4244: 'argumento': conversión de 'double' a 'float'; posible pérdida de datos
C:\Users\migue\OneDrive\Escritorio\openGL\OpenGL\OpenGL\Example3_1.cpp(43,44): warning C4244: 'argumento': conversión de 'double' a 'float'; posible pérdida de datos
C:\Users\migue\OneDrive\Escritorio\openGL\OpenGL\OpenGL\Example3_1.cpp(43,80): warning C4244: 'argumento': conversión de 'double' a 'float'; posible pérdida de datos
C:\Users\migue\OneDrive\Escritorio\openGL\OpenGL\OpenGL\Example3_1.cpp(125,59): warning C4244: 'argumento': conversión de 'double' a 'float'; posible pérdida de datos
C:\Users\migue\OneDrive\Escritorio\openGL\OpenGL\OpenGL\Example3_1.cpp(126,59): warning C4244: 'argumento': conversión de 'double' a 'float'; posible pérdida de datos
C:\Users\migue\OneDrive\Escritorio\openGL\OpenGL\OpenGL\Example3_1.cpp(129,59): warning C4244: 'argumento': conversión de 'double' a 'float'; posible pérdida de datos
C:\Users\migue\OneDrive\Escritorio\openGL\OpenGL\OpenGL\Example3_1.cpp(130,59): warning C4244: 'argumento': conversión de 'double' a 'float'; posible pérdida de datos
C:\Users\migue\OneDrive\Escritorio\openGL\OpenGL\OpenGL\Example3_1.cpp(133,59): warning C4244: 'argumento': conversión de 'double' a 'float'; posible pérdida de datos
C:\Users\migue\OneDrive\Escritorio\openGL\OpenGL\OpenGL\Example3_1.cpp(134,59): warning C4244: 'argumento': conversión de 'double' a 'float'; posible pérdida de datos
C:\Users\migue\OneDrive\Escritorio\openGL\OpenGL\OpenGL\Example3_1.cpp(137,59): warning C4244: 'argumento': conversión de 'double' a 'float'; posible pérdida de datos
C:\Users\migue\OneDrive\Escritorio\openGL\OpenGL\OpenGL\Example3_1.cpp(138,59): warning C4244: 'argumento': conversión de 'double' a 'float'; posible pérdida de datos
  Example4.cpp
  Example5.cpp
  Figura.cpp
  Figura2D.cpp
  Figura3D.cpp
  FiguraGeometrica.cpp
  Light.cpp
  OpenGL.cpp
  Generando código...
  Compilando...
  Piramide.cpp
C:\Program Files (x86)\Windows Kits\10\Include\10.0.22621.0\um\GL\gl.h(1157,11): error C2144: error de sintaxis: 'void' debe estar precedido de ';'
C:\Program Files (x86)\Windows Kits\10\Include\10.0.22621.0\um\GL\gl.h(1157,1): error C4430: falta el especificador de tipo; se presupone int. Nota: C++ no admite default-int
C:\Program Files (x86)\Windows Kits\10\Include\10.0.22621.0\um\GL\gl.h(1157,16): error C2182: 'APIENTRY': este uso de 'void' no es válido
C:\Program Files (x86)\Windows Kits\10\Include\10.0.22621.0\um\GL\gl.h(1157,25): error C2146: error de sintaxis: falta ';' delante del identificador 'glAccum'
C:\Program Files (x86)\Windows Kits\10\Include\10.0.22621.0\um\GL\gl.h(1157,25): error C4430: falta el especificador de tipo; se presupone int. Nota: C++ no admite default-int
C:\Program Files (x86)\Windows Kits\10\Include\10.0.22621.0\um\GL\gl.h(1158,11): error C2144: error de sintaxis: 'void' debe estar precedido de ';'
C:\Program Files (x86)\Windows Kits\10\Include\10.0.22621.0\um\GL\gl.h(1158,1): error C4430: falta el especificador de tipo; se presupone int. Nota: C++ no admite default-int
C:\Program Files (x86)\Windows Kits\10\Include\10.0.22621.0\um\GL\gl.h(1158,1): error C2086: 'int WINGDIAPI': nueva definición
C:\Program Files (x86)\Windows Kits\10\Include\10.0.22621.0\um\GL\gl.h(1158,16): error C2182: 'APIENTRY': este uso de 'void' no es válido
C:\Program Files (x86)\Windows Kits\10\Include\10.0.22621.0\um\GL\gl.h(1158,16): error C2086: 'int APIENTRY': nueva definición
C:\Program Files (x86)\Windows Kits\10\Include\10.0.22621.0\um\GL\gl.h(1158,25): error C2146: error de sintaxis: falta ';' delante del identificador 'glAlphaFunc'
C:\Program Files (x86)\Windows Kits\10\Include\10.0.22621.0\um\GL\gl.h(1158,25): error C4430: falta el especificador de tipo; se presupone int. Nota: C++ no admite default-int
C:\Program Files (x86)\Windows Kits\10\Include\10.0.22621.0\um\GL\gl.h(1159,1): error C4430: falta el especificador de tipo; se presupone int. Nota: C++ no admite default-int
C:\Program Files (x86)\Windows Kits\10\Include\10.0.22621.0\um\GL\gl.h(1159,1): error C2086: 'int WINGDIAPI': nueva definición
C:\Program Files (x86)\Windows Kits\10\Include\10.0.22621.0\um\GL\gl.h(1159,11): error C2146: error de sintaxis: falta ';' delante del identificador 'GLboolean'
C:\Program Files (x86)\Windows Kits\10\Include\10.0.22621.0\um\GL\gl.h(1160,11): error C2144: error de sintaxis: 'void' debe estar precedido de ';'
C:\Program Files (x86)\Windows Kits\10\Include\10.0.22621.0\um\GL\gl.h(1160,1): error C4430: falta el especificador de tipo; se presupone int. Nota: C++ no admite default-int
C:\Program Files (x86)\Windows Kits\10\Include\10.0.22621.0\um\GL\gl.h(1160,1): error C2086: 'int WINGDIAPI': nueva definición
C:\Program Files (x86)\Windows Kits\10\Include\10.0.22621.0\um\GL\gl.h(1160,16): error C2182: 'APIENTRY': este uso de 'void' no es válido
C:\Program Files (x86)\Windows Kits\10\Include\10.0.22621.0\um\GL\gl.h(1160,16): error C2086: 'int APIENTRY': nueva definición
C:\Program Files (x86)\Windows Kits\10\Include\10.0.22621.0\um\GL\gl.h(1160,25): error C2146: error de sintaxis: falta ';' delante del identificador 'glArrayElement'
C:\Program Files (x86)\Windows Kits\10\Include\10.0.22621.0\um\GL\gl.h(1160,25): error C4430: falta el especificador de tipo; se presupone int. Nota: C++ no admite default-int
C:\Program Files (x86)\Windows Kits\10\Include\10.0.22621.0\um\GL\gl.h(1161,11): error C2144: error de sintaxis: 'void' debe estar precedido de ';'
C:\Program Files (x86)\Windows Kits\10\Include\10.0.22621.0\um\GL\gl.h(1161,1): error C4430: falta el especificador de tipo; se presupone int. Nota: C++ no admite default-int
C:\Program Files (x86)\Windows Kits\10\Include\10.0.22621.0\um\GL\gl.h(1161,1): error C2086: 'int WINGDIAPI': nueva definición
C:\Program Files (x86)\Windows Kits\10\Include\10.0.22621.0\um\GL\gl.h(1161,16): error C2182: 'APIENTRY': este uso de 'void' no es válido
C:\Program Files (x86)\Windows Kits\10\Include\10.0.22621.0\um\GL\gl.h(1161,16): error C2086: 'int APIENTRY': nueva definición
C:\Program Files (x86)\Windows Kits\10\Include\10.0.22621.0\um\GL\gl.h(1161,25): error C2146: error de sintaxis: falta ';' delante del identificador 'glBegin'
C:\Program Files (x86)\Windows Kits\10\Include\10.0.22621.0\um\GL\gl.h(1161,25): error C4430: falta el especificador de tipo; se presupone int. Nota: C++ no admite default-int
C:\Program Files (x86)\Windows Kits\10\Include\10.0.22621.0\um\GL\gl.h(1162,11): error C2144: error de sintaxis: 'void' debe estar precedido de ';'
C:\Program Files (x86)\Windows Kits\10\Include\10.0.22621.0\um\GL\gl.h(1162,1): error C4430: falta el especificador de tipo; se presupone int. Nota: C++ no admite default-int
C:\Program Files (x86)\Windows Kits\10\Include\10.0.22621.0\um\GL\gl.h(1162,1): error C2086: 'int WINGDIAPI': nueva definición
C:\Program Files (x86)\Windows Kits\10\Include\10.0.22621.0\um\GL\gl.h(1162,16): error C2182: 'APIENTRY': este uso de 'void' no es válido
C:\Program Files (x86)\Windows Kits\10\Include\10.0.22621.0\um\GL\gl.h(1162,16): error C2086: 'int APIENTRY': nueva definición
C:\Program Files (x86)\Windows Kits\10\Include\10.0.22621.0\um\GL\gl.h(1162,25): error C2146: error de sintaxis: falta ';' delante del identificador 'glBindTexture'
C:\Program Files (x86)\Windows Kits\10\Include\10.0.22621.0\um\GL\gl.h(1162,25): error C4430: falta el especificador de tipo; se presupone int. Nota: C++ no admite default-int
C:\Program Files (x86)\Windows Kits\10\Include\10.0.22621.0\um\GL\gl.h(1163,11): error C2144: error de sintaxis: 'void' debe estar precedido de ';'
C:\Program Files (x86)\Windows Kits\10\Include\10.0.22621.0\um\GL\gl.h(1163,1): error C4430: falta el especificador de tipo; se presupone int. Nota: C++ no admite default-int
C:\Program Files (x86)\Windows Kits\10\Include\10.0.22621.0\um\GL\gl.h(1163,1): error C2086: 'int WINGDIAPI': nueva definición
C:\Program Files (x86)\Windows Kits\10\Include\10.0.22621.0\um\GL\gl.h(1163,16): error C2182: 'APIENTRY': este uso de 'void' no es válido
C:\Program Files (x86)\Windows Kits\10\Include\10.0.22621.0\um\GL\gl.h(1163,16): error C2086: 'int APIENTRY': nueva definición
C:\Program Files (x86)\Windows Kits\10\Include\10.0.22621.0\um\GL\gl.h(1163,25): error C2146: error de sintaxis: falta ';' delante del identificador 'glBitmap'
C:\Program Files (x86)\Windows Kits\10\Include\10.0.22621.0\um\GL\gl.h(1163,25): error C4430: falta el especificador de tipo; se presupone int. Nota: C++ no admite default-int
C:\Program Files (x86)\Windows Kits\10\Include\10.0.22621.0\um\GL\gl.h(1164,11): error C2144: error de sintaxis: 'void' debe estar precedido de ';'
C:\Program Files (x86)\Windows Kits\10\Include\10.0.22621.0\um\GL\gl.h(1164,1): error C4430: falta el especificador de tipo; se presupone int. Nota: C++ no admite default-int
C:\Program Files (x86)\Windows Kits\10\Include\10.0.22621.0\um\GL\gl.h(1164,1): error C2086: 'int WINGDIAPI': nueva definición
C:\Program Files (x86)\Windows Kits\10\Include\10.0.22621.0\um\GL\gl.h(1164,16): error C2182: 'APIENTRY': este uso de 'void' no es válido
C:\Program Files (x86)\Windows Kits\10\Include\10.0.22621.0\um\GL\gl.h(1164,16): error C2086: 'int APIENTRY': nueva definición
C:\Program Files (x86)\Windows Kits\10\Include\10.0.22621.0\um\GL\gl.h(1164,25): error C2146: error de sintaxis: falta ';' delante del identificador 'glBlendFunc'
C:\Program Files (x86)\Windows Kits\10\Include\10.0.22621.0\um\GL\gl.h(1164,25): error C4430: falta el especificador de tipo; se presupone int. Nota: C++ no admite default-int
C:\Program Files (x86)\Windows Kits\10\Include\10.0.22621.0\um\GL\gl.h(1165,11): error C2144: error de sintaxis: 'void' debe estar precedido de ';'
C:\Program Files (x86)\Windows Kits\10\Include\10.0.22621.0\um\GL\gl.h(1165,1): error C4430: falta el especificador de tipo; se presupone int. Nota: C++ no admite default-int
C:\Program Files (x86)\Windows Kits\10\Include\10.0.22621.0\um\GL\gl.h(1165,1): error C2086: 'int WINGDIAPI': nueva definición
C:\Program Files (x86)\Windows Kits\10\Include\10.0.22621.0\um\GL\gl.h(1165,16): error C2182: 'APIENTRY': este uso de 'void' no es válido
C:\Program Files (x86)\Windows Kits\10\Include\10.0.22621.0\um\GL\gl.h(1165,16): error C2086: 'int APIENTRY': nueva definición
C:\Program Files (x86)\Windows Kits\10\Include\10.0.22621.0\um\GL\gl.h(1165,25): error C2146: error de sintaxis: falta ';' delante del identificador 'glCallList'
C:\Program Files (x86)\Windows Kits\10\Include\10.0.22621.0\um\GL\gl.h(1165,25): error C4430: falta el especificador de tipo; se presupone int. Nota: C++ no admite default-int
C:\Program Files (x86)\Windows Kits\10\Include\10.0.22621.0\um\GL\gl.h(1166,11): error C2144: error de sintaxis: 'void' debe estar precedido de ';'
C:\Program Files (x86)\Windows Kits\10\Include\10.0.22621.0\um\GL\gl.h(1166,1): error C4430: falta el especificador de tipo; se presupone int. Nota: C++ no admite default-int
C:\Program Files (x86)\Windows Kits\10\Include\10.0.22621.0\um\GL\gl.h(1166,1): error C2086: 'int WINGDIAPI': nueva definición
C:\Program Files (x86)\Windows Kits\10\Include\10.0.22621.0\um\GL\gl.h(1166,16): error C2182: 'APIENTRY': este uso de 'void' no es válido
C:\Program Files (x86)\Windows Kits\10\Include\10.0.22621.0\um\GL\gl.h(1166,16): error C2086: 'int APIENTRY': nueva definición
C:\Program Files (x86)\Windows Kits\10\Include\10.0.22621.0\um\GL\gl.h(1166,25): error C2146: error de sintaxis: falta ';' delante del identificador 'glCallLists'
C:\Program Files (x86)\Windows Kits\10\Include\10.0.22621.0\um\GL\gl.h(1166,25): error C4430: falta el especificador de tipo; se presupone int. Nota: C++ no admite default-int
C:\Program Files (x86)\Windows Kits\10\Include\10.0.22621.0\um\GL\gl.h(1167,11): error C2144: error de sintaxis: 'void' debe estar precedido de ';'
C:\Program Files (x86)\Windows Kits\10\Include\10.0.22621.0\um\GL\gl.h(1167,1): error C4430: falta el especificador de tipo; se presupone int. Nota: C++ no admite default-int
C:\Program Files (x86)\Windows Kits\10\Include\10.0.22621.0\um\GL\gl.h(1167,1): error C2086: 'int WINGDIAPI': nueva definición
C:\Program Files (x86)\Windows Kits\10\Include\10.0.22621.0\um\GL\gl.h(1167,16): error C2182: 'APIENTRY': este uso de 'void' no es válido
C:\Program Files (x86)\Windows Kits\10\Include\10.0.22621.0\um\GL\gl.h(1167,16): error C2086: 'int APIENTRY': nueva definición
C:\Program Files (x86)\Windows Kits\10\Include\10.0.22621.0\um\GL\gl.h(1167,25): error C2146: error de sintaxis: falta ';' delante del identificador 'glClear'
C:\Program Files (x86)\Windows Kits\10\Include\10.0.22621.0\um\GL\gl.h(1167,25): error C4430: falta el especificador de tipo; se presupone int. Nota: C++ no admite default-int
C:\Program Files (x86)\Windows Kits\10\Include\10.0.22621.0\um\GL\gl.h(1168,11): error C2144: error de sintaxis: 'void' debe estar precedido de ';'
C:\Program Files (x86)\Windows Kits\10\Include\10.0.22621.0\um\GL\gl.h(1168,1): error C4430: falta el especificador de tipo; se presupone int. Nota: C++ no admite default-int
C:\Program Files (x86)\Windows Kits\10\Include\10.0.22621.0\um\GL\gl.h(1168,1): error C2086: 'int WINGDIAPI': nueva definición
C:\Program Files (x86)\Windows Kits\10\Include\10.0.22621.0\um\GL\gl.h(1168,16): error C2182: 'APIENTRY': este uso de 'void' no es válido
C:\Program Files (x86)\Windows Kits\10\Include\10.0.22621.0\um\GL\gl.h(1168,16): error C2086: 'int APIENTRY': nueva definición
C:\Program Files (x86)\Windows Kits\10\Include\10.0.22621.0\um\GL\gl.h(1168,25): error C2146: error de sintaxis: falta ';' delante del identificador 'glClearAccum'
C:\Program Files (x86)\Windows Kits\10\Include\10.0.22621.0\um\GL\gl.h(1168,25): error C4430: falta el especificador de tipo; se presupone int. Nota: C++ no admite default-int
C:\Program Files (x86)\Windows Kits\10\Include\10.0.22621.0\um\GL\gl.h(1169,11): error C2144: error de sintaxis: 'void' debe estar precedido de ';'
C:\Program Files (x86)\Windows Kits\10\Include\10.0.22621.0\um\GL\gl.h(1169,1): error C4430: falta el especificador de tipo; se presupone int. Nota: C++ no admite default-int
C:\Program Files (x86)\Windows Kits\10\Include\10.0.22621.0\um\GL\gl.h(1169,1): error C2086: 'int WINGDIAPI': nueva definición
C:\Program Files (x86)\Windows Kits\10\Include\10.0.22621.0\um\GL\gl.h(1169,16): error C2182: 'APIENTRY': este uso de 'void' no es válido
C:\Program Files (x86)\Windows Kits\10\Include\10.0.22621.0\um\GL\gl.h(1169,16): error C2086: 'int APIENTRY': nueva definición
C:\Program Files (x86)\Windows Kits\10\Include\10.0.22621.0\um\GL\gl.h(1169,25): error C2146: error de sintaxis: falta ';' delante del identificador 'glClearColor'
C:\Program Files (x86)\Windows Kits\10\Include\10.0.22621.0\um\GL\gl.h(1169,25): error C4430: falta el especificador de tipo; se presupone int. Nota: C++ no admite default-int
C:\Program Files (x86)\Windows Kits\10\Include\10.0.22621.0\um\GL\gl.h(1170,11): error C2144: error de sintaxis: 'void' debe estar precedido de ';'
C:\Program Files (x86)\Windows Kits\10\Include\10.0.22621.0\um\GL\gl.h(1170,1): error C4430: falta el especificador de tipo; se presupone int. Nota: C++ no admite default-int
C:\Program Files (x86)\Windows Kits\10\Include\10.0.22621.0\um\GL\gl.h(1170,1): error C2086: 'int WINGDIAPI': nueva definición
C:\Program Files (x86)\Windows Kits\10\Include\10.0.22621.0\um\GL\gl.h(1170,16): error C2182: 'APIENTRY': este uso de 'void' no es válido
C:\Program Files (x86)\Windows Kits\10\Include\10.0.22621.0\um\GL\gl.h(1170,16): error C2086: 'int APIENTRY': nueva definición
C:\Program Files (x86)\Windows Kits\10\Include\10.0.22621.0\um\GL\gl.h(1170,25): error C2146: error de sintaxis: falta ';' delante del identificador 'glClearDepth'
C:\Program Files (x86)\Windows Kits\10\Include\10.0.22621.0\um\GL\gl.h(1170,25): error C4430: falta el especificador de tipo; se presupone int. Nota: C++ no admite default-int
C:\Program Files (x86)\Windows Kits\10\Include\10.0.22621.0\um\GL\gl.h(1171,11): error C2144: error de sintaxis: 'void' debe estar precedido de ';'
C:\Program Files (x86)\Windows Kits\10\Include\10.0.22621.0\um\GL\gl.h(1171,1): error C4430: falta el especificador de tipo; se presupone int. Nota: C++ no admite default-int
C:\Program Files (x86)\Windows Kits\10\Include\10.0.22621.0\um\GL\gl.h(1171,1): error C2086: 'int WINGDIAPI': nueva definición
C:\Program Files (x86)\Windows Kits\10\Include\10.0.22621.0\um\GL\gl.h(1171,16): error C2182: 'APIENTRY': este uso de 'void' no es válido
C:\Program Files (x86)\Windows Kits\10\Include\10.0.22621.0\um\GL\gl.h(1171,16): error C2086: 'int APIENTRY': nueva definición
C:\Program Files (x86)\Windows Kits\10\Include\10.0.22621.0\um\GL\gl.h(1171,25): error C2146: error de sintaxis: falta ';' delante del identificador 'glClearIndex'
C:\Program Files (x86)\Windows Kits\10\Include\10.0.22621.0\um\GL\gl.h(1171,25): error C4430: falta el especificador de tipo; se presupone int. Nota: C++ no admite default-int
C:\Program Files (x86)\Windows Kits\10\Include\10.0.22621.0\um\GL\gl.h(1172,11): error C2144: error de sintaxis: 'void' debe estar precedido de ';'
C:\Program Files (x86)\Windows Kits\10\Include\10.0.22621.0\um\GL\gl.h(1172,1): error C4430: falta el especificador de tipo; se presupone int. Nota: C++ no admite default-int
C:\Program Files (x86)\Windows Kits\10\Include\10.0.22621.0\um\GL\gl.h(1172,1): error C2086: 'int WINGDIAPI': nueva definición
C:\Program Files (x86)\Windows Kits\10\Include\10.0.22621.0\um\GL\gl.h(1172,16): error C2182: 'APIENTRY': este uso de 'void' no es válido
C:\Program Files (x86)\Windows Kits\10\Include\10.0.22621.0\um\GL\gl.h(1172,16): error C2086: 'int APIENTRY': nueva definición
C:\Program Files (x86)\Windows Kits\10\Include\10.0.22621.0\um\GL\gl.h(1172,25): error C2146: error de sintaxis: falta ';' delante del identificador 'glClearStencil'
C:\Program Files (x86)\Windows Kits\10\Include\10.0.22621.0\um\GL\gl.h(1172,25): error C4430: falta el especificador de tipo; se presupone int. Nota: C++ no admite default-int
C:\Program Files (x86)\Windows Kits\10\Include\10.0.22621.0\um\GL\gl.h(1173,11): error C2144: error de sintaxis: 'void' debe estar precedido de ';'
C:\Program Files (x86)\Windows Kits\10\Include\10.0.22621.0\um\GL\gl.h(1173,1): error C4430: falta el especificador de tipo; se presupone int. Nota: C++ no admite default-int
C:\Program Files (x86)\Windows Kits\10\Include\10.0.22621.0\um\GL\gl.h(1173,1): error C2086: 'int WINGDIAPI': nueva definición
C:\Program Files (x86)\Windows Kits\10\Include\10.0.22621.0\um\GL\gl.h(1173,16): error C2182: 'APIENTRY': este uso de 'void' no es válido
C:\Program Files (x86)\Windows Kits\10\Include\10.0.22621.0\um\GL\gl.h(1173,16): error C2086: 'int APIENTRY': nueva definición
C:\Program Files (x86)\Windows Kits\10\Include\10.0.22621.0\um\GL\gl.h(1173,25): error C2146: error de sintaxis: falta ';' delante del identificador 'glClipPlane'
C:\Program Files (x86)\Windows Kits\10\Include\10.0.22621.0\um\GL\gl.h(1173,25): error C4430: falta el especificador de tipo; se presupone int. Nota: C++ no admite default-int
C:\Program Files (x86)\Windows Kits\10\Include\10.0.22621.0\um\GL\gl.h(1174,11): error C2144: error de sintaxis: 'void' debe estar precedido de ';'
C:\Program Files (x86)\Windows Kits\10\Include\10.0.22621.0\um\GL\gl.h(1174,1): error C4430: falta el especificador de tipo; se presupone int. Nota: C++ no admite default-int
C:\Program Files (x86)\Windows Kits\10\Include\10.0.22621.0\um\GL\gl.h(1174,1): error C2086: 'int WINGDIAPI': nueva definición
C:\Program Files (x86)\Windows Kits\10\Include\10.0.22621.0\um\GL\gl.h(1174,16): error C2182: 'APIENTRY': este uso de 'void' no es válido
C:\Program Files (x86)\Windows Kits\10\Include\10.0.22621.0\um\GL\gl.h(1174,16): error C2086: 'int APIENTRY': nueva definición
C:\Program Files (x86)\Windows Kits\10\Include\10.0.22621.0\um\GL\gl.h(1174,25): error C2146: error de sintaxis: falta ';' delante del identificador 'glColor3b'
C:\Program Files (x86)\Windows Kits\10\Include\10.0.22621.0\um\GL\gl.h(1174,25): error C4430: falta el especificador de tipo; se presupone int. Nota: C++ no admite default-int
C:\Program Files (x86)\Windows Kits\10\Include\10.0.22621.0\um\GL\gl.h(1175,11): error C2144: error de sintaxis: 'void' debe estar precedido de ';'
C:\Program Files (x86)\Windows Kits\10\Include\10.0.22621.0\um\GL\gl.h(1175,1): error C4430: falta el especificador de tipo; se presupone int. Nota: C++ no admite default-int
C:\Program Files (x86)\Windows Kits\10\Include\10.0.22621.0\um\GL\gl.h(1175,1): error C2086: 'int WINGDIAPI': nueva definición
C:\Program Files (x86)\Windows Kits\10\Include\10.0.22621.0\um\GL\gl.h(1175,16): error C2182: 'APIENTRY': este uso de 'void' no es válido
C:\Program Files (x86)\Windows Kits\10\Include\10.0.22621.0\um\GL\gl.h(1175,16): error C2086: 'int APIENTRY': nueva definición
C:\Program Files (x86)\Windows Kits\10\Include\10.0.22621.0\um\GL\gl.h(1175,25): error C2146: error de sintaxis: falta ';' delante del identificador 'glColor3bv'
C:\Program Files (x86)\Windows Kits\10\Include\10.0.22621.0\um\GL\gl.h(1175,25): error C4430: falta el especificador de tipo; se presupone int. Nota: C++ no admite default-int
C:\Program Files (x86)\Windows Kits\10\Include\10.0.22621.0\um\GL\gl.h(1176,11): error C2144: error de sintaxis: 'void' debe estar precedido de ';'
C:\Program Files (x86)\Windows Kits\10\Include\10.0.22621.0\um\GL\gl.h(1176,1): error C4430: falta el especificador de tipo; se presupone int. Nota: C++ no admite default-int
C:\Program Files (x86)\Windows Kits\10\Include\10.0.22621.0\um\GL\gl.h(1176,1): error C2086: 'int WINGDIAPI': nueva definición
C:\Program Files (x86)\Windows Kits\10\Include\10.0.22621.0\um\GL\gl.h(1176,16): error C2182: 'APIENTRY': este uso de 'void' no es válido
C:\Program Files (x86)\Windows Kits\10\Include\10.0.22621.0\um\GL\gl.h(1176,16): error C2086: 'int APIENTRY': nueva definición
C:\Program Files (x86)\Windows Kits\10\Include\10.0.22621.0\um\GL\gl.h(1176,25): error C2146: error de sintaxis: falta ';' delante del identificador 'glColor3d'
C:\Program Files (x86)\Windows Kits\10\Include\10.0.22621.0\um\GL\gl.h(1176,25): error C4430: falta el especificador de tipo; se presupone int. Nota: C++ no admite default-int
C:\Program Files (x86)\Windows Kits\10\Include\10.0.22621.0\um\GL\gl.h(1177,11): error C2144: error de sintaxis: 'void' debe estar precedido de ';'
C:\Program Files (x86)\Windows Kits\10\Include\10.0.22621.0\um\GL\gl.h(1177,1): error C4430: falta el especificador de tipo; se presupone int. Nota: C++ no admite default-int
C:\Program Files (x86)\Windows Kits\10\Include\10.0.22621.0\um\GL\gl.h(1177,1): error C2086: 'int WINGDIAPI': nueva definición
C:\Program Files (x86)\Windows Kits\10\Include\10.0.22621.0\um\GL\gl.h(1177,16): error C2182: 'APIENTRY': este uso de 'void' no es válido
C:\Program Files (x86)\Windows Kits\10\Include\10.0.22621.0\um\GL\gl.h(1177,16): error C2086: 'int APIENTRY': nueva definición
C:\Program Files (x86)\Windows Kits\10\Include\10.0.22621.0\um\GL\gl.h(1177,25): error C2146: error de sintaxis: falta ';' delante del identificador 'glColor3dv'
C:\Program Files (x86)\Windows Kits\10\Include\10.0.22621.0\um\GL\gl.h(1177,25): error C4430: falta el especificador de tipo; se presupone int. Nota: C++ no admite default-int
C:\Program Files (x86)\Windows Kits\10\Include\10.0.22621.0\um\GL\gl.h(1178,11): error C2144: error de sintaxis: 'void' debe estar precedido de ';'
C:\Program Files (x86)\Windows Kits\10\Include\10.0.22621.0\um\GL\gl.h(1178,11): error C1003: el recuento de errores supera 100; se detiene la compilación
  PNGTextureLoader.cpp
  PointLight.cpp
  Poligono.cpp
  Punto3D.cpp
  SpotLight.cpp
  TextureLoader.cpp
  Triangulo.cpp
C:\Users\migue\OneDrive\Escritorio\openGL\OpenGL\OpenGL\Triangulo.cpp(6,39): warning C4244: 'inicializando': conversión de 'float' a 'int'; posible pérdida de datos
C:\Users\migue\OneDrive\Escritorio\openGL\OpenGL\OpenGL\Triangulo.cpp(6,50): warning C4244: 'inicializando': conversión de 'float' a 'int'; posible pérdida de datos
C:\Users\migue\OneDrive\Escritorio\openGL\OpenGL\OpenGL\Triangulo.cpp(29,22): warning C4244: 'argumento': conversión de 'int' a 'GLfloat'; posible pérdida de datos
  Vector3.cpp
  Generando código...
